2023-03-14 13:40:38 [background-preinit] INFO  o.h.validator.internal.util.Version - HV000001: Hibernate Validator 6.1.5.Final
2023-03-14 13:40:38 [main] INFO  c.m.vss.config.server.ConfigServer - No active profile set, falling back to default profiles: default
2023-03-14 13:40:39 [main] INFO  o.s.cloud.context.scope.GenericScope - BeanFactory id=c5420960-cb4b-3f01-a040-5d97edee1dd2
2023-03-14 13:40:39 [main] INFO  o.s.b.w.e.tomcat.TomcatWebServer - Tomcat initialized with port(s): 8888 (http)
2023-03-14 13:40:39 [main] INFO  o.a.coyote.http11.Http11NioProtocol - Initializing ProtocolHandler ["http-nio-8888"]
2023-03-14 13:40:39 [main] INFO  o.a.catalina.core.StandardService - Starting service [Tomcat]
2023-03-14 13:40:39 [main] INFO  o.a.catalina.core.StandardEngine - Starting Servlet engine: [Apache Tomcat/9.0.38]
2023-03-14 13:40:39 [main] INFO  o.a.c.c.C.[Tomcat].[localhost].[/] - Initializing Spring embedded WebApplicationContext
2023-03-14 13:40:39 [main] INFO  o.s.b.w.s.c.ServletWebServerApplicationContext - Root WebApplicationContext: initialization completed in 679 ms
2023-03-14 13:40:39 [main] INFO  o.s.s.c.ThreadPoolTaskExecutor - Initializing ExecutorService 'applicationTaskExecutor'
2023-03-14 13:40:41 [main] INFO  o.s.b.a.e.web.EndpointLinksResolver - Exposing 2 endpoint(s) beneath base path '/actuator'
2023-03-14 13:40:41 [main] INFO  o.a.coyote.http11.Http11NioProtocol - Starting ProtocolHandler ["http-nio-8888"]
2023-03-14 13:40:41 [main] INFO  o.s.b.w.e.tomcat.TomcatWebServer - Tomcat started on port(s): 8888 (http) with context path ''
2023-03-14 13:40:41 [main] INFO  c.m.vss.config.server.ConfigServer - Started ConfigServer in 3.086 seconds (JVM running for 3.629)
2023-03-14 13:51:29 [SpringContextShutdownHook] INFO  o.s.s.c.ThreadPoolTaskExecutor - Shutting down ExecutorService 'applicationTaskExecutor'
2023-03-14 13:51:32 [background-preinit] INFO  o.h.validator.internal.util.Version - HV000001: Hibernate Validator 6.1.5.Final
2023-03-14 13:51:33 [main] INFO  c.m.vss.config.server.ConfigServer - No active profile set, falling back to default profiles: default
2023-03-14 13:51:33 [main] INFO  o.s.cloud.context.scope.GenericScope - BeanFactory id=c5420960-cb4b-3f01-a040-5d97edee1dd2
2023-03-14 13:51:34 [main] INFO  o.s.b.w.e.tomcat.TomcatWebServer - Tomcat initialized with port(s): 8888 (http)
2023-03-14 13:51:34 [main] INFO  o.a.coyote.http11.Http11NioProtocol - Initializing ProtocolHandler ["http-nio-8888"]
2023-03-14 13:51:34 [main] INFO  o.a.catalina.core.StandardService - Starting service [Tomcat]
2023-03-14 13:51:34 [main] INFO  o.a.catalina.core.StandardEngine - Starting Servlet engine: [Apache Tomcat/9.0.38]
2023-03-14 13:51:34 [main] INFO  o.a.c.c.C.[Tomcat].[localhost].[/] - Initializing Spring embedded WebApplicationContext
2023-03-14 13:51:34 [main] INFO  o.s.b.w.s.c.ServletWebServerApplicationContext - Root WebApplicationContext: initialization completed in 1069 ms
2023-03-14 13:51:34 [main] INFO  o.s.s.c.ThreadPoolTaskExecutor - Initializing ExecutorService 'applicationTaskExecutor'
2023-03-14 13:51:36 [main] INFO  o.s.b.a.e.web.EndpointLinksResolver - Exposing 2 endpoint(s) beneath base path '/actuator'
2023-03-14 13:51:36 [main] INFO  o.a.coyote.http11.Http11NioProtocol - Starting ProtocolHandler ["http-nio-8888"]
2023-03-14 13:51:36 [main] INFO  o.s.b.w.e.tomcat.TomcatWebServer - Tomcat started on port(s): 8888 (http) with context path ''
2023-03-14 13:51:36 [main] INFO  c.m.vss.config.server.ConfigServer - Started ConfigServer in 3.792 seconds (JVM running for 4.485)
2023-03-14 14:05:59 [SpringContextShutdownHook] INFO  o.s.s.c.ThreadPoolTaskExecutor - Shutting down ExecutorService 'applicationTaskExecutor'
2023-03-14 14:06:02 [background-preinit] INFO  o.h.validator.internal.util.Version - HV000001: Hibernate Validator 6.1.5.Final
2023-03-14 14:06:02 [main] INFO  c.m.vss.config.server.ConfigServer - No active profile set, falling back to default profiles: default
2023-03-14 14:06:03 [main] INFO  o.s.cloud.context.scope.GenericScope - BeanFactory id=c5420960-cb4b-3f01-a040-5d97edee1dd2
2023-03-14 14:06:03 [main] INFO  o.s.b.w.e.tomcat.TomcatWebServer - Tomcat initialized with port(s): 8888 (http)
2023-03-14 14:06:03 [main] INFO  o.a.coyote.http11.Http11NioProtocol - Initializing ProtocolHandler ["http-nio-8888"]
2023-03-14 14:06:03 [main] INFO  o.a.catalina.core.StandardService - Starting service [Tomcat]
2023-03-14 14:06:03 [main] INFO  o.a.catalina.core.StandardEngine - Starting Servlet engine: [Apache Tomcat/9.0.38]
2023-03-14 14:06:03 [main] INFO  o.a.c.c.C.[Tomcat].[localhost].[/] - Initializing Spring embedded WebApplicationContext
2023-03-14 14:06:03 [main] INFO  o.s.b.w.s.c.ServletWebServerApplicationContext - Root WebApplicationContext: initialization completed in 763 ms
2023-03-14 14:06:03 [main] INFO  o.s.s.c.ThreadPoolTaskExecutor - Initializing ExecutorService 'applicationTaskExecutor'
2023-03-14 14:06:05 [main] INFO  o.s.b.a.e.web.EndpointLinksResolver - Exposing 2 endpoint(s) beneath base path '/actuator'
2023-03-14 14:06:05 [main] INFO  o.a.coyote.http11.Http11NioProtocol - Starting ProtocolHandler ["http-nio-8888"]
2023-03-14 14:06:05 [main] INFO  o.s.b.w.e.tomcat.TomcatWebServer - Tomcat started on port(s): 8888 (http) with context path ''
2023-03-14 14:06:05 [main] INFO  c.m.vss.config.server.ConfigServer - Started ConfigServer in 3.16 seconds (JVM running for 3.898)
2023-03-14 14:06:48 [http-nio-8888-exec-1] INFO  o.a.c.c.C.[Tomcat].[localhost].[/] - Initializing Spring DispatcherServlet 'dispatcherServlet'
2023-03-14 14:06:48 [http-nio-8888-exec-1] INFO  o.s.web.servlet.DispatcherServlet - Initializing Servlet 'dispatcherServlet'
2023-03-14 14:06:48 [http-nio-8888-exec-1] INFO  o.s.web.servlet.DispatcherServlet - Completed initialization in 4 ms
2023-03-14 14:06:57 [http-nio-8888-exec-3] INFO  o.s.c.c.s.e.NativeEnvironmentRepository - Adding property source: file:/tmp/config-repo-13004247156908022605/config-client-twitter_to_kafka.yml
2023-03-14 14:08:21 [SpringContextShutdownHook] INFO  o.s.s.c.ThreadPoolTaskExecutor - Shutting down ExecutorService 'applicationTaskExecutor'
2023-03-14 14:08:24 [background-preinit] INFO  o.h.validator.internal.util.Version - HV000001: Hibernate Validator 6.1.5.Final
2023-03-14 14:08:24 [main] INFO  c.m.vss.config.server.ConfigServer - No active profile set, falling back to default profiles: default
2023-03-14 14:08:25 [main] INFO  o.s.cloud.context.scope.GenericScope - BeanFactory id=c5420960-cb4b-3f01-a040-5d97edee1dd2
2023-03-14 14:08:25 [main] INFO  o.s.b.w.e.tomcat.TomcatWebServer - Tomcat initialized with port(s): 8888 (http)
2023-03-14 14:08:25 [main] INFO  o.a.coyote.http11.Http11NioProtocol - Initializing ProtocolHandler ["http-nio-8888"]
2023-03-14 14:08:25 [main] INFO  o.a.catalina.core.StandardService - Starting service [Tomcat]
2023-03-14 14:08:25 [main] INFO  o.a.catalina.core.StandardEngine - Starting Servlet engine: [Apache Tomcat/9.0.38]
2023-03-14 14:08:25 [main] INFO  o.a.c.c.C.[Tomcat].[localhost].[/] - Initializing Spring embedded WebApplicationContext
2023-03-14 14:08:25 [main] INFO  o.s.b.w.s.c.ServletWebServerApplicationContext - Root WebApplicationContext: initialization completed in 717 ms
2023-03-14 14:08:25 [main] INFO  o.s.s.c.ThreadPoolTaskExecutor - Initializing ExecutorService 'applicationTaskExecutor'
2023-03-14 14:08:27 [main] INFO  o.s.b.a.e.web.EndpointLinksResolver - Exposing 2 endpoint(s) beneath base path '/actuator'
2023-03-14 14:08:27 [main] INFO  o.a.coyote.http11.Http11NioProtocol - Starting ProtocolHandler ["http-nio-8888"]
2023-03-14 14:08:27 [main] INFO  o.s.b.w.e.tomcat.TomcatWebServer - Tomcat started on port(s): 8888 (http) with context path ''
2023-03-14 14:08:27 [main] INFO  c.m.vss.config.server.ConfigServer - Started ConfigServer in 3.011 seconds (JVM running for 3.537)
2023-03-14 14:09:06 [SpringContextShutdownHook] INFO  o.s.s.c.ThreadPoolTaskExecutor - Shutting down ExecutorService 'applicationTaskExecutor'
2023-03-14 14:09:08 [background-preinit] INFO  o.h.validator.internal.util.Version - HV000001: Hibernate Validator 6.1.5.Final
2023-03-14 14:09:08 [main] INFO  c.m.vss.config.server.ConfigServer - No active profile set, falling back to default profiles: default
2023-03-14 14:09:09 [main] INFO  o.s.cloud.context.scope.GenericScope - BeanFactory id=c5420960-cb4b-3f01-a040-5d97edee1dd2
2023-03-14 14:09:09 [main] INFO  o.s.b.w.e.tomcat.TomcatWebServer - Tomcat initialized with port(s): 8888 (http)
2023-03-14 14:09:09 [main] INFO  o.a.coyote.http11.Http11NioProtocol - Initializing ProtocolHandler ["http-nio-8888"]
2023-03-14 14:09:09 [main] INFO  o.a.catalina.core.StandardService - Starting service [Tomcat]
2023-03-14 14:09:09 [main] INFO  o.a.catalina.core.StandardEngine - Starting Servlet engine: [Apache Tomcat/9.0.38]
2023-03-14 14:09:09 [main] INFO  o.a.c.c.C.[Tomcat].[localhost].[/] - Initializing Spring embedded WebApplicationContext
2023-03-14 14:09:09 [main] INFO  o.s.b.w.s.c.ServletWebServerApplicationContext - Root WebApplicationContext: initialization completed in 677 ms
2023-03-14 14:09:09 [main] INFO  o.s.s.c.ThreadPoolTaskExecutor - Initializing ExecutorService 'applicationTaskExecutor'
2023-03-14 14:09:11 [main] INFO  o.s.b.a.e.web.EndpointLinksResolver - Exposing 2 endpoint(s) beneath base path '/actuator'
2023-03-14 14:09:11 [main] INFO  o.a.coyote.http11.Http11NioProtocol - Starting ProtocolHandler ["http-nio-8888"]
2023-03-14 14:09:11 [main] INFO  o.s.b.w.e.tomcat.TomcatWebServer - Tomcat started on port(s): 8888 (http) with context path ''
2023-03-14 14:09:11 [main] INFO  c.m.vss.config.server.ConfigServer - Started ConfigServer in 2.786 seconds (JVM running for 3.291)
2023-03-14 15:18:49 [SpringContextShutdownHook] INFO  o.s.s.c.ThreadPoolTaskExecutor - Shutting down ExecutorService 'applicationTaskExecutor'
2023-03-14 15:18:51 [background-preinit] INFO  o.h.validator.internal.util.Version - HV000001: Hibernate Validator 6.1.5.Final
2023-03-14 15:18:51 [main] INFO  c.m.vss.config.server.ConfigServer - No active profile set, falling back to default profiles: default
2023-03-14 15:18:52 [main] INFO  o.s.cloud.context.scope.GenericScope - BeanFactory id=c5420960-cb4b-3f01-a040-5d97edee1dd2
2023-03-14 15:18:52 [main] INFO  o.s.b.w.e.tomcat.TomcatWebServer - Tomcat initialized with port(s): 8888 (http)
2023-03-14 15:18:52 [main] INFO  o.a.coyote.http11.Http11NioProtocol - Initializing ProtocolHandler ["http-nio-8888"]
2023-03-14 15:18:52 [main] INFO  o.a.catalina.core.StandardService - Starting service [Tomcat]
2023-03-14 15:18:52 [main] INFO  o.a.catalina.core.StandardEngine - Starting Servlet engine: [Apache Tomcat/9.0.38]
2023-03-14 15:18:52 [main] INFO  o.a.c.c.C.[Tomcat].[localhost].[/] - Initializing Spring embedded WebApplicationContext
2023-03-14 15:18:52 [main] INFO  o.s.b.w.s.c.ServletWebServerApplicationContext - Root WebApplicationContext: initialization completed in 669 ms
2023-03-14 15:18:52 [main] INFO  o.s.s.c.ThreadPoolTaskExecutor - Initializing ExecutorService 'applicationTaskExecutor'
2023-03-14 15:18:54 [main] INFO  o.s.b.a.e.web.EndpointLinksResolver - Exposing 2 endpoint(s) beneath base path '/actuator'
2023-03-14 15:18:54 [main] INFO  o.a.coyote.http11.Http11NioProtocol - Starting ProtocolHandler ["http-nio-8888"]
2023-03-14 15:18:54 [main] INFO  o.s.b.w.e.tomcat.TomcatWebServer - Tomcat started on port(s): 8888 (http) with context path ''
2023-03-14 15:18:54 [main] INFO  c.m.vss.config.server.ConfigServer - Started ConfigServer in 3.009 seconds (JVM running for 3.543)
2023-03-14 15:19:04 [http-nio-8888-exec-1] INFO  o.a.c.c.C.[Tomcat].[localhost].[/] - Initializing Spring DispatcherServlet 'dispatcherServlet'
2023-03-14 15:19:04 [http-nio-8888-exec-1] INFO  o.s.web.servlet.DispatcherServlet - Initializing Servlet 'dispatcherServlet'
2023-03-14 15:19:04 [http-nio-8888-exec-1] INFO  o.s.web.servlet.DispatcherServlet - Completed initialization in 5 ms
2023-03-14 15:19:41 [SpringContextShutdownHook] INFO  o.s.s.c.ThreadPoolTaskExecutor - Shutting down ExecutorService 'applicationTaskExecutor'
2023-03-14 15:19:43 [background-preinit] INFO  o.h.validator.internal.util.Version - HV000001: Hibernate Validator 6.1.5.Final
2023-03-14 15:19:44 [main] INFO  c.m.vss.config.server.ConfigServer - No active profile set, falling back to default profiles: default
2023-03-14 15:19:44 [main] INFO  o.s.cloud.context.scope.GenericScope - BeanFactory id=c5420960-cb4b-3f01-a040-5d97edee1dd2
2023-03-14 15:19:44 [main] INFO  o.s.b.w.e.tomcat.TomcatWebServer - Tomcat initialized with port(s): 8888 (http)
2023-03-14 15:19:44 [main] INFO  o.a.coyote.http11.Http11NioProtocol - Initializing ProtocolHandler ["http-nio-8888"]
2023-03-14 15:19:44 [main] INFO  o.a.catalina.core.StandardService - Starting service [Tomcat]
2023-03-14 15:19:44 [main] INFO  o.a.catalina.core.StandardEngine - Starting Servlet engine: [Apache Tomcat/9.0.38]
2023-03-14 15:19:44 [main] INFO  o.a.c.c.C.[Tomcat].[localhost].[/] - Initializing Spring embedded WebApplicationContext
2023-03-14 15:19:44 [main] INFO  o.s.b.w.s.c.ServletWebServerApplicationContext - Root WebApplicationContext: initialization completed in 740 ms
2023-03-14 15:19:45 [main] INFO  o.s.s.c.ThreadPoolTaskExecutor - Initializing ExecutorService 'applicationTaskExecutor'
2023-03-14 15:19:46 [main] INFO  o.s.b.a.e.web.EndpointLinksResolver - Exposing 2 endpoint(s) beneath base path '/actuator'
2023-03-14 15:19:46 [main] INFO  o.a.coyote.http11.Http11NioProtocol - Starting ProtocolHandler ["http-nio-8888"]
2023-03-14 15:19:46 [main] INFO  o.s.b.w.e.tomcat.TomcatWebServer - Tomcat started on port(s): 8888 (http) with context path ''
2023-03-14 15:19:46 [main] INFO  c.m.vss.config.server.ConfigServer - Started ConfigServer in 2.992 seconds (JVM running for 3.565)
2023-03-14 15:19:54 [http-nio-8888-exec-1] INFO  o.a.c.c.C.[Tomcat].[localhost].[/] - Initializing Spring DispatcherServlet 'dispatcherServlet'
2023-03-14 15:19:54 [http-nio-8888-exec-1] INFO  o.s.web.servlet.DispatcherServlet - Initializing Servlet 'dispatcherServlet'
2023-03-14 15:19:54 [http-nio-8888-exec-1] INFO  o.s.web.servlet.DispatcherServlet - Completed initialization in 6 ms
2023-03-14 15:20:02 [http-nio-8888-exec-5] INFO  o.s.c.c.s.e.NativeEnvironmentRepository - Adding property source: file:/tmp/config-repo-4232141193807147858/config-client-twitter_to_kafka.yml
2023-03-14 15:47:50 [SpringContextShutdownHook] INFO  o.s.s.c.ThreadPoolTaskExecutor - Shutting down ExecutorService 'applicationTaskExecutor'
2023-03-14 15:47:53 [background-preinit] INFO  o.h.validator.internal.util.Version - HV000001: Hibernate Validator 6.1.5.Final
2023-03-14 15:47:53 [main] INFO  c.m.vss.config.server.ConfigServer - No active profile set, falling back to default profiles: default
2023-03-14 15:47:53 [main] INFO  o.s.cloud.context.scope.GenericScope - BeanFactory id=c5420960-cb4b-3f01-a040-5d97edee1dd2
2023-03-14 15:47:53 [main] INFO  o.s.b.w.e.tomcat.TomcatWebServer - Tomcat initialized with port(s): 8888 (http)
2023-03-14 15:47:53 [main] INFO  o.a.coyote.http11.Http11NioProtocol - Initializing ProtocolHandler ["http-nio-8888"]
2023-03-14 15:47:53 [main] INFO  o.a.catalina.core.StandardService - Starting service [Tomcat]
2023-03-14 15:47:53 [main] INFO  o.a.catalina.core.StandardEngine - Starting Servlet engine: [Apache Tomcat/9.0.38]
2023-03-14 15:47:53 [main] INFO  o.a.c.c.C.[.[localhost].[/config] - Initializing Spring embedded WebApplicationContext
2023-03-14 15:47:53 [main] INFO  o.s.b.w.s.c.ServletWebServerApplicationContext - Root WebApplicationContext: initialization completed in 705 ms
2023-03-14 15:47:54 [main] INFO  o.s.s.c.ThreadPoolTaskExecutor - Initializing ExecutorService 'applicationTaskExecutor'
2023-03-14 15:47:55 [main] INFO  o.s.b.a.e.web.EndpointLinksResolver - Exposing 2 endpoint(s) beneath base path '/actuator'
2023-03-14 15:47:55 [main] INFO  o.a.coyote.http11.Http11NioProtocol - Starting ProtocolHandler ["http-nio-8888"]
2023-03-14 15:47:55 [main] INFO  o.s.b.w.e.tomcat.TomcatWebServer - Tomcat started on port(s): 8888 (http) with context path '/config'
2023-03-14 15:47:55 [main] INFO  c.m.vss.config.server.ConfigServer - Started ConfigServer in 3.12 seconds (JVM running for 3.621)
2023-03-14 15:48:52 [http-nio-8888-exec-7] INFO  o.a.c.c.C.[.[localhost].[/config] - Initializing Spring DispatcherServlet 'dispatcherServlet'
2023-03-14 15:48:52 [http-nio-8888-exec-7] INFO  o.s.web.servlet.DispatcherServlet - Initializing Servlet 'dispatcherServlet'
2023-03-14 15:48:52 [http-nio-8888-exec-7] INFO  o.s.web.servlet.DispatcherServlet - Completed initialization in 6 ms
2023-03-14 15:50:02 [SpringContextShutdownHook] INFO  o.s.s.c.ThreadPoolTaskExecutor - Shutting down ExecutorService 'applicationTaskExecutor'
2023-03-14 15:50:05 [background-preinit] INFO  o.h.validator.internal.util.Version - HV000001: Hibernate Validator 6.1.5.Final
2023-03-14 15:50:05 [main] INFO  c.m.vss.config.server.ConfigServer - No active profile set, falling back to default profiles: default
2023-03-14 15:50:06 [main] INFO  o.s.cloud.context.scope.GenericScope - BeanFactory id=c5420960-cb4b-3f01-a040-5d97edee1dd2
2023-03-14 15:50:06 [main] INFO  o.s.b.w.e.tomcat.TomcatWebServer - Tomcat initialized with port(s): 8888 (http)
2023-03-14 15:50:06 [main] INFO  o.a.coyote.http11.Http11NioProtocol - Initializing ProtocolHandler ["http-nio-8888"]
2023-03-14 15:50:06 [main] INFO  o.a.catalina.core.StandardService - Starting service [Tomcat]
2023-03-14 15:50:06 [main] INFO  o.a.catalina.core.StandardEngine - Starting Servlet engine: [Apache Tomcat/9.0.38]
2023-03-14 15:50:06 [main] INFO  o.a.c.c.C.[Tomcat].[localhost].[/] - Initializing Spring embedded WebApplicationContext
2023-03-14 15:50:06 [main] INFO  o.s.b.w.s.c.ServletWebServerApplicationContext - Root WebApplicationContext: initialization completed in 956 ms
2023-03-14 15:50:07 [main] INFO  o.s.s.c.ThreadPoolTaskExecutor - Initializing ExecutorService 'applicationTaskExecutor'
2023-03-14 15:50:08 [main] INFO  o.s.b.a.e.web.EndpointLinksResolver - Exposing 2 endpoint(s) beneath base path '/actuator'
2023-03-14 15:50:08 [main] INFO  o.a.coyote.http11.Http11NioProtocol - Starting ProtocolHandler ["http-nio-8888"]
2023-03-14 15:50:08 [main] INFO  o.s.b.w.e.tomcat.TomcatWebServer - Tomcat started on port(s): 8888 (http) with context path ''
2023-03-14 15:50:08 [main] INFO  c.m.vss.config.server.ConfigServer - Started ConfigServer in 3.709 seconds (JVM running for 4.326)
2023-03-14 15:50:23 [http-nio-8888-exec-1] INFO  o.a.c.c.C.[Tomcat].[localhost].[/] - Initializing Spring DispatcherServlet 'dispatcherServlet'
2023-03-14 15:50:23 [http-nio-8888-exec-1] INFO  o.s.web.servlet.DispatcherServlet - Initializing Servlet 'dispatcherServlet'
2023-03-14 15:50:23 [http-nio-8888-exec-1] INFO  o.s.web.servlet.DispatcherServlet - Completed initialization in 3 ms
2023-03-14 15:50:23 [http-nio-8888-exec-1] INFO  o.s.c.c.s.e.NativeEnvironmentRepository - Adding property source: file:/tmp/config-repo-14233624221273479194/config-client-twitter_to_kafka.yml
2023-03-14 16:08:04 [SpringContextShutdownHook] INFO  o.s.s.c.ThreadPoolTaskExecutor - Shutting down ExecutorService 'applicationTaskExecutor'
2023-03-14 16:08:09 [background-preinit] INFO  o.h.validator.internal.util.Version - HV000001: Hibernate Validator 6.1.5.Final
2023-03-14 16:08:09 [main] INFO  c.m.vss.config.server.ConfigServer - No active profile set, falling back to default profiles: default
2023-03-14 16:08:10 [main] INFO  o.s.cloud.context.scope.GenericScope - BeanFactory id=c5420960-cb4b-3f01-a040-5d97edee1dd2
2023-03-14 16:08:10 [main] INFO  o.s.b.w.e.tomcat.TomcatWebServer - Tomcat initialized with port(s): 8888 (http)
2023-03-14 16:08:10 [main] INFO  o.a.coyote.http11.Http11NioProtocol - Initializing ProtocolHandler ["http-nio-8888"]
2023-03-14 16:08:10 [main] INFO  o.a.catalina.core.StandardService - Starting service [Tomcat]
2023-03-14 16:08:10 [main] INFO  o.a.catalina.core.StandardEngine - Starting Servlet engine: [Apache Tomcat/9.0.38]
2023-03-14 16:08:10 [main] INFO  o.a.c.c.C.[Tomcat].[localhost].[/] - Initializing Spring embedded WebApplicationContext
2023-03-14 16:08:10 [main] INFO  o.s.b.w.s.c.ServletWebServerApplicationContext - Root WebApplicationContext: initialization completed in 655 ms
2023-03-14 16:08:10 [main] INFO  o.s.s.c.ThreadPoolTaskExecutor - Initializing ExecutorService 'applicationTaskExecutor'
2023-03-14 16:08:11 [main] INFO  o.s.b.a.e.web.EndpointLinksResolver - Exposing 2 endpoint(s) beneath base path '/actuator'
2023-03-14 16:08:11 [main] INFO  o.a.coyote.http11.Http11NioProtocol - Starting ProtocolHandler ["http-nio-8888"]
2023-03-14 16:08:11 [main] INFO  o.s.b.w.e.tomcat.TomcatWebServer - Tomcat started on port(s): 8888 (http) with context path ''
2023-03-14 16:08:12 [main] INFO  c.m.vss.config.server.ConfigServer - Started ConfigServer in 2.803 seconds (JVM running for 3.423)
2023-03-14 16:08:19 [SpringContextShutdownHook] INFO  o.s.s.c.ThreadPoolTaskExecutor - Shutting down ExecutorService 'applicationTaskExecutor'
2023-03-14 16:08:22 [background-preinit] INFO  o.h.validator.internal.util.Version - HV000001: Hibernate Validator 6.1.5.Final
2023-03-14 16:08:23 [main] INFO  c.m.vss.config.server.ConfigServer - No active profile set, falling back to default profiles: default
2023-03-14 16:08:23 [main] INFO  o.s.cloud.context.scope.GenericScope - BeanFactory id=c5420960-cb4b-3f01-a040-5d97edee1dd2
2023-03-14 16:08:23 [main] INFO  o.s.b.w.e.tomcat.TomcatWebServer - Tomcat initialized with port(s): 8888 (http)
2023-03-14 16:08:23 [main] INFO  o.a.coyote.http11.Http11NioProtocol - Initializing ProtocolHandler ["http-nio-8888"]
2023-03-14 16:08:23 [main] INFO  o.a.catalina.core.StandardService - Starting service [Tomcat]
2023-03-14 16:08:23 [main] INFO  o.a.catalina.core.StandardEngine - Starting Servlet engine: [Apache Tomcat/9.0.38]
2023-03-14 16:08:23 [main] INFO  o.a.c.c.C.[Tomcat].[localhost].[/] - Initializing Spring embedded WebApplicationContext
2023-03-14 16:08:23 [main] INFO  o.s.b.w.s.c.ServletWebServerApplicationContext - Root WebApplicationContext: initialization completed in 703 ms
2023-03-14 16:08:24 [main] INFO  o.s.s.c.ThreadPoolTaskExecutor - Initializing ExecutorService 'applicationTaskExecutor'
2023-03-14 16:08:25 [main] INFO  o.s.b.a.e.web.EndpointLinksResolver - Exposing 2 endpoint(s) beneath base path '/actuator'
2023-03-14 16:08:25 [main] INFO  o.a.coyote.http11.Http11NioProtocol - Starting ProtocolHandler ["http-nio-8888"]
2023-03-14 16:08:25 [main] INFO  o.s.b.w.e.tomcat.TomcatWebServer - Tomcat started on port(s): 8888 (http) with context path ''
2023-03-14 16:08:25 [main] INFO  c.m.vss.config.server.ConfigServer - Started ConfigServer in 2.972 seconds (JVM running for 3.45)
2023-03-14 16:08:46 [http-nio-8888-exec-1] INFO  o.a.c.c.C.[Tomcat].[localhost].[/] - Initializing Spring DispatcherServlet 'dispatcherServlet'
2023-03-14 16:08:46 [http-nio-8888-exec-1] INFO  o.s.web.servlet.DispatcherServlet - Initializing Servlet 'dispatcherServlet'
2023-03-14 16:08:46 [http-nio-8888-exec-1] INFO  o.s.web.servlet.DispatcherServlet - Completed initialization in 3 ms
2023-03-14 16:09:31 [http-nio-8888-exec-5] INFO  o.s.c.c.s.e.NativeEnvironmentRepository - Adding property source: file:/tmp/config-repo-15350106783446898127/config-client-twitter_to_kafka.yml
2023-03-14 16:09:43 [http-nio-8888-exec-7] INFO  o.s.c.c.s.e.NativeEnvironmentRepository - Adding property source: file:/tmp/config-repo-15350106783446898127/config-client-twitter_to_kafka.yml
2023-03-14 16:22:13 [SpringContextShutdownHook] INFO  o.s.s.c.ThreadPoolTaskExecutor - Shutting down ExecutorService 'applicationTaskExecutor'
2023-03-14 16:22:15 [background-preinit] INFO  o.h.validator.internal.util.Version - HV000001: Hibernate Validator 6.1.5.Final
2023-03-14 16:22:15 [main] INFO  c.m.vss.config.server.ConfigServer - No active profile set, falling back to default profiles: default
2023-03-14 16:22:16 [main] INFO  o.s.cloud.context.scope.GenericScope - BeanFactory id=c5420960-cb4b-3f01-a040-5d97edee1dd2
2023-03-14 16:22:16 [main] INFO  o.s.b.w.e.tomcat.TomcatWebServer - Tomcat initialized with port(s): 8888 (http)
2023-03-14 16:22:16 [main] INFO  o.a.coyote.http11.Http11NioProtocol - Initializing ProtocolHandler ["http-nio-8888"]
2023-03-14 16:22:16 [main] INFO  o.a.catalina.core.StandardService - Starting service [Tomcat]
2023-03-14 16:22:16 [main] INFO  o.a.catalina.core.StandardEngine - Starting Servlet engine: [Apache Tomcat/9.0.38]
2023-03-14 16:22:16 [main] INFO  o.a.c.c.C.[Tomcat].[localhost].[/] - Initializing Spring embedded WebApplicationContext
2023-03-14 16:22:16 [main] INFO  o.s.b.w.s.c.ServletWebServerApplicationContext - Root WebApplicationContext: initialization completed in 688 ms
2023-03-14 16:22:16 [main] INFO  o.s.s.c.ThreadPoolTaskExecutor - Initializing ExecutorService 'applicationTaskExecutor'
2023-03-14 16:22:17 [main] INFO  o.s.b.a.e.web.EndpointLinksResolver - Exposing 2 endpoint(s) beneath base path '/actuator'
2023-03-14 16:22:17 [main] INFO  o.a.coyote.http11.Http11NioProtocol - Starting ProtocolHandler ["http-nio-8888"]
2023-03-14 16:22:17 [main] INFO  o.s.b.w.e.tomcat.TomcatWebServer - Tomcat started on port(s): 8888 (http) with context path ''
2023-03-14 16:22:17 [main] INFO  c.m.vss.config.server.ConfigServer - Started ConfigServer in 2.841 seconds (JVM running for 3.396)
2023-03-14 16:22:37 [http-nio-8888-exec-1] INFO  o.a.c.c.C.[Tomcat].[localhost].[/] - Initializing Spring DispatcherServlet 'dispatcherServlet'
2023-03-14 16:22:37 [http-nio-8888-exec-1] INFO  o.s.web.servlet.DispatcherServlet - Initializing Servlet 'dispatcherServlet'
2023-03-14 16:22:37 [http-nio-8888-exec-1] INFO  o.s.web.servlet.DispatcherServlet - Completed initialization in 5 ms
2023-03-14 16:22:37 [http-nio-8888-exec-1] INFO  o.s.c.c.s.e.NativeEnvironmentRepository - Adding property source: file:/tmp/config-repo-48757610569217717/config-client-twitter_to_kafka.yml
2023-03-14 16:22:40 [http-nio-8888-exec-2] INFO  o.s.c.c.s.e.NativeEnvironmentRepository - Adding property source: file:/tmp/config-repo-48757610569217717/config-client-twitter_to_kafka.yml
2023-03-14 16:22:55 [http-nio-8888-exec-4] INFO  o.s.c.c.s.e.NativeEnvironmentRepository - Adding property source: file:/tmp/config-repo-48757610569217717/config-client-twitter_to_kafka.yml
2023-03-14 16:26:34 [http-nio-8888-exec-6] INFO  o.s.c.c.s.e.NativeEnvironmentRepository - Adding property source: file:/tmp/config-repo-48757610569217717/config-client-twitter_to_kafka.yml
2023-03-14 16:29:40 [http-nio-8888-exec-9] INFO  o.s.c.c.s.e.NativeEnvironmentRepository - Adding property source: file:/tmp/config-repo-48757610569217717/config-client-twitter_to_kafka.yml
2023-03-14 17:03:48 [SpringContextShutdownHook] INFO  o.s.s.c.ThreadPoolTaskExecutor - Shutting down ExecutorService 'applicationTaskExecutor'
2023-03-14 17:03:50 [background-preinit] INFO  o.h.validator.internal.util.Version - HV000001: Hibernate Validator 6.1.5.Final
2023-03-14 17:03:53 [main] INFO  c.m.vss.config.server.ConfigServer - No active profile set, falling back to default profiles: default
2023-03-14 17:03:53 [main] INFO  o.s.cloud.context.scope.GenericScope - BeanFactory id=1bed1a1e-6f68-30d6-b4d5-8270690ec7a7
2023-03-14 17:03:53 [main] INFO  o.s.b.w.e.tomcat.TomcatWebServer - Tomcat initialized with port(s): 8888 (http)
2023-03-14 17:03:53 [main] INFO  o.a.coyote.http11.Http11NioProtocol - Initializing ProtocolHandler ["http-nio-8888"]
2023-03-14 17:03:53 [main] INFO  o.a.catalina.core.StandardService - Starting service [Tomcat]
2023-03-14 17:03:53 [main] INFO  o.a.catalina.core.StandardEngine - Starting Servlet engine: [Apache Tomcat/9.0.38]
2023-03-14 17:03:53 [main] INFO  o.a.c.c.C.[Tomcat].[localhost].[/] - Initializing Spring embedded WebApplicationContext
2023-03-14 17:03:53 [main] INFO  o.s.b.w.s.c.ServletWebServerApplicationContext - Root WebApplicationContext: initialization completed in 605 ms
2023-03-14 17:03:53 [main] INFO  o.s.s.c.ThreadPoolTaskExecutor - Initializing ExecutorService 'applicationTaskExecutor'
2023-03-14 17:03:54 [main] INFO  o.s.b.a.e.web.EndpointLinksResolver - Exposing 2 endpoint(s) beneath base path '/actuator'
2023-03-14 17:03:54 [main] INFO  o.a.coyote.http11.Http11NioProtocol - Starting ProtocolHandler ["http-nio-8888"]
2023-03-14 17:03:54 [main] INFO  o.s.b.w.e.tomcat.TomcatWebServer - Tomcat started on port(s): 8888 (http) with context path ''
2023-03-14 17:03:54 [main] INFO  c.m.vss.config.server.ConfigServer - Started ConfigServer in 4.245 seconds (JVM running for 4.88)
2023-03-14 17:04:04 [http-nio-8888-exec-1] INFO  o.a.c.c.C.[Tomcat].[localhost].[/] - Initializing Spring DispatcherServlet 'dispatcherServlet'
2023-03-14 17:04:04 [http-nio-8888-exec-1] INFO  o.s.web.servlet.DispatcherServlet - Initializing Servlet 'dispatcherServlet'
2023-03-14 17:04:04 [http-nio-8888-exec-1] INFO  o.s.web.servlet.DispatcherServlet - Completed initialization in 5 ms
2023-03-14 17:04:05 [http-nio-8888-exec-1] INFO  o.s.c.c.s.e.NativeEnvironmentRepository - Adding property source: file:/tmp/config-repo-11144179966326607390/config-client-twitter_to_kafka.yml
2023-03-14 17:04:06 [http-nio-8888-exec-2] INFO  o.s.c.c.s.e.NativeEnvironmentRepository - Adding property source: file:/tmp/config-repo-11144179966326607390/config-client-twitter_to_kafka.yml
2023-03-14 17:04:08 [http-nio-8888-exec-3] INFO  o.s.c.c.s.e.NativeEnvironmentRepository - Adding property source: file:/tmp/config-repo-11144179966326607390/config-client-twitter_to_kafka.yml
2023-03-14 17:04:09 [http-nio-8888-exec-4] INFO  o.s.c.c.s.e.NativeEnvironmentRepository - Adding property source: file:/tmp/config-repo-11144179966326607390/config-client-twitter_to_kafka.yml
2023-03-14 17:04:11 [http-nio-8888-exec-5] INFO  o.s.c.c.s.e.NativeEnvironmentRepository - Adding property source: file:/tmp/config-repo-11144179966326607390/config-client-twitter_to_kafka.yml
2023-03-14 17:17:28 [SpringContextShutdownHook] INFO  o.s.s.c.ThreadPoolTaskExecutor - Shutting down ExecutorService 'applicationTaskExecutor'
2023-03-14 17:17:32 [background-preinit] INFO  o.h.validator.internal.util.Version - HV000001: Hibernate Validator 6.1.5.Final
2023-03-14 17:17:34 [main] INFO  c.m.vss.config.server.ConfigServer - No active profile set, falling back to default profiles: default
2023-03-14 17:17:34 [main] INFO  o.s.cloud.context.scope.GenericScope - BeanFactory id=1bed1a1e-6f68-30d6-b4d5-8270690ec7a7
2023-03-14 17:17:34 [main] INFO  o.s.b.w.e.tomcat.TomcatWebServer - Tomcat initialized with port(s): 8888 (http)
2023-03-14 17:17:34 [main] INFO  o.a.coyote.http11.Http11NioProtocol - Initializing ProtocolHandler ["http-nio-8888"]
2023-03-14 17:17:34 [main] INFO  o.a.catalina.core.StandardService - Starting service [Tomcat]
2023-03-14 17:17:34 [main] INFO  o.a.catalina.core.StandardEngine - Starting Servlet engine: [Apache Tomcat/9.0.38]
2023-03-14 17:17:34 [main] INFO  o.a.c.c.C.[Tomcat].[localhost].[/] - Initializing Spring embedded WebApplicationContext
2023-03-14 17:17:34 [main] INFO  o.s.b.w.s.c.ServletWebServerApplicationContext - Root WebApplicationContext: initialization completed in 556 ms
2023-03-14 17:17:34 [main] INFO  o.s.s.c.ThreadPoolTaskExecutor - Initializing ExecutorService 'applicationTaskExecutor'
2023-03-14 17:17:35 [main] INFO  o.s.b.a.e.web.EndpointLinksResolver - Exposing 2 endpoint(s) beneath base path '/actuator'
2023-03-14 17:17:35 [main] INFO  o.a.coyote.http11.Http11NioProtocol - Starting ProtocolHandler ["http-nio-8888"]
2023-03-14 17:17:35 [main] INFO  o.s.b.w.e.tomcat.TomcatWebServer - Tomcat started on port(s): 8888 (http) with context path ''
2023-03-14 17:17:35 [main] INFO  c.m.vss.config.server.ConfigServer - Started ConfigServer in 4.039 seconds (JVM running for 4.586)
2023-03-14 17:17:47 [http-nio-8888-exec-1] INFO  o.a.c.c.C.[Tomcat].[localhost].[/] - Initializing Spring DispatcherServlet 'dispatcherServlet'
2023-03-14 17:17:47 [http-nio-8888-exec-1] INFO  o.s.web.servlet.DispatcherServlet - Initializing Servlet 'dispatcherServlet'
2023-03-14 17:17:47 [http-nio-8888-exec-1] INFO  o.s.web.servlet.DispatcherServlet - Completed initialization in 6 ms
2023-03-14 17:17:47 [http-nio-8888-exec-1] INFO  o.s.c.c.s.e.NativeEnvironmentRepository - Adding property source: file:/tmp/config-repo-1472105922443723802/config-client-twitter_to_kafka.yml
2023-03-14 18:20:46 [SpringContextShutdownHook] INFO  o.s.s.c.ThreadPoolTaskExecutor - Shutting down ExecutorService 'applicationTaskExecutor'
2023-03-14 18:20:48 [background-preinit] INFO  o.h.validator.internal.util.Version - HV000001: Hibernate Validator 6.1.5.Final
2023-03-14 18:20:48 [main] INFO  c.m.vss.config.server.ConfigServer - No active profile set, falling back to default profiles: default
2023-03-14 18:20:49 [main] INFO  o.s.cloud.context.scope.GenericScope - BeanFactory id=c5420960-cb4b-3f01-a040-5d97edee1dd2
2023-03-14 18:20:49 [main] INFO  o.s.b.w.e.tomcat.TomcatWebServer - Tomcat initialized with port(s): 8888 (http)
2023-03-14 18:20:49 [main] INFO  o.a.coyote.http11.Http11NioProtocol - Initializing ProtocolHandler ["http-nio-8888"]
2023-03-14 18:20:49 [main] INFO  o.a.catalina.core.StandardService - Starting service [Tomcat]
2023-03-14 18:20:49 [main] INFO  o.a.catalina.core.StandardEngine - Starting Servlet engine: [Apache Tomcat/9.0.38]
2023-03-14 18:20:49 [main] INFO  o.a.c.c.C.[Tomcat].[localhost].[/] - Initializing Spring embedded WebApplicationContext
2023-03-14 18:20:49 [main] INFO  o.s.b.w.s.c.ServletWebServerApplicationContext - Root WebApplicationContext: initialization completed in 674 ms
2023-03-14 18:20:49 [main] INFO  o.s.s.c.ThreadPoolTaskExecutor - Initializing ExecutorService 'applicationTaskExecutor'
2023-03-14 18:20:50 [main] INFO  o.s.b.a.e.web.EndpointLinksResolver - Exposing 2 endpoint(s) beneath base path '/actuator'
2023-03-14 18:20:50 [main] INFO  o.a.coyote.http11.Http11NioProtocol - Starting ProtocolHandler ["http-nio-8888"]
2023-03-14 18:20:50 [main] INFO  o.s.b.w.e.tomcat.TomcatWebServer - Tomcat started on port(s): 8888 (http) with context path ''
2023-03-14 18:20:50 [main] INFO  c.m.vss.config.server.ConfigServer - Started ConfigServer in 2.894 seconds (JVM running for 3.426)
2023-03-14 18:24:19 [http-nio-8888-exec-1] INFO  o.a.c.c.C.[Tomcat].[localhost].[/] - Initializing Spring DispatcherServlet 'dispatcherServlet'
2023-03-14 18:24:19 [http-nio-8888-exec-1] INFO  o.s.web.servlet.DispatcherServlet - Initializing Servlet 'dispatcherServlet'
2023-03-14 18:24:19 [http-nio-8888-exec-1] INFO  o.s.web.servlet.DispatcherServlet - Completed initialization in 7 ms
2023-03-14 18:24:19 [http-nio-8888-exec-1] INFO  o.s.c.c.s.e.NativeEnvironmentRepository - Adding property source: file:/tmp/config-repo-2159021258612048110/config-client-twitter_to_kafka.yml
2023-03-14 18:34:01 [SpringContextShutdownHook] INFO  o.s.s.c.ThreadPoolTaskExecutor - Shutting down ExecutorService 'applicationTaskExecutor'
2023-03-14 18:34:04 [background-preinit] INFO  o.h.validator.internal.util.Version - HV000001: Hibernate Validator 6.1.5.Final
2023-03-14 18:34:04 [main] INFO  c.m.vss.config.server.ConfigServer - No active profile set, falling back to default profiles: default
2023-03-14 18:34:05 [main] INFO  o.s.cloud.context.scope.GenericScope - BeanFactory id=c5420960-cb4b-3f01-a040-5d97edee1dd2
2023-03-14 18:34:05 [main] INFO  o.s.b.w.e.tomcat.TomcatWebServer - Tomcat initialized with port(s): 8888 (http)
2023-03-14 18:34:05 [main] INFO  o.a.coyote.http11.Http11NioProtocol - Initializing ProtocolHandler ["http-nio-8888"]
2023-03-14 18:34:05 [main] INFO  o.a.catalina.core.StandardService - Starting service [Tomcat]
2023-03-14 18:34:05 [main] INFO  o.a.catalina.core.StandardEngine - Starting Servlet engine: [Apache Tomcat/9.0.38]
2023-03-14 18:34:05 [main] INFO  o.a.c.c.C.[Tomcat].[localhost].[/] - Initializing Spring embedded WebApplicationContext
2023-03-14 18:34:05 [main] INFO  o.s.b.w.s.c.ServletWebServerApplicationContext - Root WebApplicationContext: initialization completed in 686 ms
2023-03-14 18:34:05 [main] INFO  o.s.s.c.ThreadPoolTaskExecutor - Initializing ExecutorService 'applicationTaskExecutor'
2023-03-14 18:34:08 [main] INFO  o.s.b.a.e.web.EndpointLinksResolver - Exposing 2 endpoint(s) beneath base path '/actuator'
2023-03-14 18:34:08 [main] INFO  o.a.coyote.http11.Http11NioProtocol - Starting ProtocolHandler ["http-nio-8888"]
2023-03-14 18:34:08 [main] INFO  o.s.b.w.e.tomcat.TomcatWebServer - Tomcat started on port(s): 8888 (http) with context path ''
2023-03-14 18:34:08 [main] INFO  c.m.vss.config.server.ConfigServer - Started ConfigServer in 4.314 seconds (JVM running for 4.967)
2023-03-14 18:39:50 [SpringContextShutdownHook] INFO  o.s.s.c.ThreadPoolTaskExecutor - Shutting down ExecutorService 'applicationTaskExecutor'
2023-03-14 18:39:52 [background-preinit] INFO  o.h.validator.internal.util.Version - HV000001: Hibernate Validator 6.1.5.Final
2023-03-14 18:39:52 [main] INFO  c.m.vss.config.server.ConfigServer - No active profile set, falling back to default profiles: default
2023-03-14 18:39:53 [main] INFO  o.s.cloud.context.scope.GenericScope - BeanFactory id=c5420960-cb4b-3f01-a040-5d97edee1dd2
2023-03-14 18:39:53 [main] INFO  o.s.b.w.e.tomcat.TomcatWebServer - Tomcat initialized with port(s): 8888 (http)
2023-03-14 18:39:53 [main] INFO  o.a.coyote.http11.Http11NioProtocol - Initializing ProtocolHandler ["http-nio-8888"]
2023-03-14 18:39:53 [main] INFO  o.a.catalina.core.StandardService - Starting service [Tomcat]
2023-03-14 18:39:53 [main] INFO  o.a.catalina.core.StandardEngine - Starting Servlet engine: [Apache Tomcat/9.0.38]
2023-03-14 18:39:53 [main] INFO  o.a.c.c.C.[Tomcat].[localhost].[/] - Initializing Spring embedded WebApplicationContext
2023-03-14 18:39:53 [main] INFO  o.s.b.w.s.c.ServletWebServerApplicationContext - Root WebApplicationContext: initialization completed in 745 ms
2023-03-14 18:39:53 [main] INFO  o.s.s.c.ThreadPoolTaskExecutor - Initializing ExecutorService 'applicationTaskExecutor'
2023-03-14 18:39:55 [main] INFO  o.s.b.a.e.web.EndpointLinksResolver - Exposing 2 endpoint(s) beneath base path '/actuator'
2023-03-14 18:39:55 [main] INFO  o.a.coyote.http11.Http11NioProtocol - Starting ProtocolHandler ["http-nio-8888"]
2023-03-14 18:39:55 [main] INFO  o.s.b.w.e.tomcat.TomcatWebServer - Tomcat started on port(s): 8888 (http) with context path ''
2023-03-14 18:39:55 [main] INFO  c.m.vss.config.server.ConfigServer - Started ConfigServer in 3.022 seconds (JVM running for 3.545)
2023-03-14 18:40:08 [http-nio-8888-exec-1] INFO  o.a.c.c.C.[Tomcat].[localhost].[/] - Initializing Spring DispatcherServlet 'dispatcherServlet'
2023-03-14 18:40:08 [http-nio-8888-exec-1] INFO  o.s.web.servlet.DispatcherServlet - Initializing Servlet 'dispatcherServlet'
2023-03-14 18:40:08 [http-nio-8888-exec-1] INFO  o.s.web.servlet.DispatcherServlet - Completed initialization in 3 ms
2023-03-14 18:40:09 [http-nio-8888-exec-1] INFO  o.s.c.c.s.e.NativeEnvironmentRepository - Adding property source: file:/tmp/config-repo-5680968465138660222/config-client-twitter_to_kafka.yml
2023-03-14 19:26:05 [SpringContextShutdownHook] INFO  o.s.s.c.ThreadPoolTaskExecutor - Shutting down ExecutorService 'applicationTaskExecutor'
